2026-06-25 14:30:40 info [/home/chan/Works/Ts/Services/EstockMantra/src/utils/vault.ts:11] Vault client created {}
2026-06-25 14:30:40 info [/home/chan/Works/Ts/Services/EstockMantra/src/app.ts:12] Express Configuration Completed
2026-06-25 14:30:40 info [/home/chan/Works/Ts/Services/EstockMantra/src/app.ts:37] Express Routes Initilized
2026-06-25 14:30:40 error [/home/chan/Works/Ts/Services/EstockMantra/src/utils/vault.ts:21] Failed to load secrets from vault {"err":{"response":{"statusCode":403,"body":{"errors":["permission denied"]}}}}
2026-06-25 14:37:44 info [/home/chan/Works/Ts/Services/EstockMantra/src/utils/vault.ts:11] Vault client created {"endpoint":"http://localhost:8200"}
2026-06-25 14:37:44 info [/home/chan/Works/Ts/Services/EstockMantra/src/app.ts:12] Express Configuration Completed
2026-06-25 14:37:44 info [/home/chan/Works/Ts/Services/EstockMantra/src/app.ts:37] Express Routes Initilized
2026-06-25 14:37:44 info [/home/chan/Works/Ts/Services/EstockMantra/src/utils/vault.ts:18] Secrets loaded {"keys":["APP_URL","DATABASE_URL","EMAIL_FROM_ADDRESS","EMAIL_FROM_NAME","FRONTEND_URL","JWT_SECRET","SENDGRID_API_KEY"]}
2026-06-25 14:37:44 info [/home/chan/Works/Ts/Services/EstockMantra/src/config/env.ts:34] Environment variables loaded {"port":"3001","env":"development"}
2026-06-25 14:37:44 info [/home/chan/Works/Ts/Services/EstockMantra/src/server.ts:6] Server running on port 3001 in development mode
2026-06-25 09:08:20 info [/home/chan/Works/Ts/Services/EstockMantra/src/app.ts:12] Express Configuration Completed
2026-06-25 09:08:20 info [/home/chan/Works/Ts/Services/EstockMantra/src/app.ts:37] Express Routes Initilized
2026-06-25 15:44:32 info [/home/chan/Works/Ts/Services/EstockMantra/src/utils/vault.ts:11] Vault client created {"endpoint":"http://localhost:8200"}
2026-06-25 15:44:32 info [/home/chan/Works/Ts/Services/EstockMantra/src/app.ts:12] Express Configuration Completed
2026-06-25 15:44:32 info [/home/chan/Works/Ts/Services/EstockMantra/src/app.ts:37] Express Routes Initilized
2026-06-25 15:44:32 info [/home/chan/Works/Ts/Services/EstockMantra/src/utils/vault.ts:18] Secrets loaded {"keys":["APP_URL","DATABASE_URL","EMAIL_FROM_ADDRESS","EMAIL_FROM_NAME","FRONTEND_URL","JWT_SECRET","SENDGRID_API_KEY"]}
2026-06-25 15:44:32 info [/home/chan/Works/Ts/Services/EstockMantra/src/config/env.ts:34] Environment variables loaded {"port":"3001","env":"development"}
2026-06-25 15:44:32 info [/home/chan/Works/Ts/Services/EstockMantra/src/server.ts:6] Server running on port 3001 in development mode
2026-06-25 15:45:20 info [/home/chan/Works/Ts/Services/EstockMantra/src/utils/vault.ts:11] Vault client created {"endpoint":"http://localhost:8200"}
2026-06-25 15:45:20 info [/home/chan/Works/Ts/Services/EstockMantra/src/utils/vault.ts:18] Secrets loaded {"keys":["APP_URL","DATABASE_URL","EMAIL_FROM_ADDRESS","EMAIL_FROM_NAME","FRONTEND_URL","JWT_SECRET","SENDGRID_API_KEY"]}
2026-06-25 15:45:20 info [/home/chan/Works/Ts/Services/EstockMantra/src/config/env.ts:34] Environment variables loaded {"port":"3001","env":"development"}
2026-06-25 15:45:42 info [/home/chan/Works/Ts/Services/EstockMantra/src/utils/vault.ts:11] Vault client created {"endpoint":"http://localhost:8200"}
2026-06-25 15:45:42 info [/home/chan/Works/Ts/Services/EstockMantra/src/utils/vault.ts:18] Secrets loaded {"keys":["APP_URL","DATABASE_URL","EMAIL_FROM_ADDRESS","EMAIL_FROM_NAME","FRONTEND_URL","JWT_SECRET","SENDGRID_API_KEY"]}
2026-06-25 15:45:42 info [/home/chan/Works/Ts/Services/EstockMantra/src/config/env.ts:34] Environment variables loaded {"port":"3001","env":"development"}
2026-06-25 15:47:17 info [/home/chan/Works/Ts/Services/EstockMantra/src/utils/vault.ts:11] Vault client created {"endpoint":"http://localhost:8200"}
2026-06-25 15:47:17 info [/home/chan/Works/Ts/Services/EstockMantra/src/utils/vault.ts:18] Secrets loaded {"keys":["APP_URL","DATABASE_URL","EMAIL_FROM_ADDRESS","EMAIL_FROM_NAME","FRONTEND_URL","JWT_SECRET","SENDGRID_API_KEY"]}
2026-06-25 15:47:17 info [/home/chan/Works/Ts/Services/EstockMantra/src/config/env.ts:34] Environment variables loaded {"port":"3001","env":"development"}
2026-06-25 15:51:54 info [/home/chan/Works/Ts/Services/EstockMantra/src/utils/vault.ts:11] Vault client created {"endpoint":"http://localhost:8200"}
2026-06-25 15:51:54 info [/home/chan/Works/Ts/Services/EstockMantra/src/app.ts:12] Express Configuration Completed
2026-06-25 15:51:54 info [/home/chan/Works/Ts/Services/EstockMantra/src/app.ts:37] Express Routes Initilized
2026-06-25 15:51:54 info [/home/chan/Works/Ts/Services/EstockMantra/src/utils/vault.ts:18] Secrets loaded {"keys":["APP_URL","DATABASE_URL","EMAIL_FROM_ADDRESS","EMAIL_FROM_NAME","FRONTEND_URL","JWT_SECRET","SENDGRID_API_KEY"]}
2026-06-25 15:51:54 info [/home/chan/Works/Ts/Services/EstockMantra/src/config/env.ts:34] Environment variables loaded {"port":"3001","env":"development"}
2026-06-25 15:51:54 info [/home/chan/Works/Ts/Services/EstockMantra/src/server.ts:6] Server running on port 3001 in development mode
2026-06-25 15:53:07 info [/home/chan/Works/Ts/Services/EstockMantra/src/utils/vault.ts:11] Vault client created {"endpoint":"http://localhost:8200"}
2026-06-25 15:53:07 info [/home/chan/Works/Ts/Services/EstockMantra/src/app.ts:12] Express Configuration Completed
2026-06-25 15:53:07 info [/home/chan/Works/Ts/Services/EstockMantra/src/app.ts:37] Express Routes Initilized
2026-06-25 15:53:07 info [/home/chan/Works/Ts/Services/EstockMantra/src/utils/vault.ts:18] Secrets loaded {"keys":["APP_URL","DATABASE_URL","EMAIL_FROM_ADDRESS","EMAIL_FROM_NAME","FRONTEND_URL","JWT_SECRET","SENDGRID_API_KEY"]}
2026-06-25 15:53:07 info [/home/chan/Works/Ts/Services/EstockMantra/src/config/env.ts:34] Environment variables loaded {"port":"3001","env":"development"}
2026-06-25 15:53:07 info [/home/chan/Works/Ts/Services/EstockMantra/src/server.ts:6] postgresql://admin:secret@localhost:5432/qmsdb
2026-06-25 15:53:07 info [/home/chan/Works/Ts/Services/EstockMantra/src/server.ts:7] Server running on port 3001 in development mode
2026-06-25 15:53:57 info [/home/chan/Works/Ts/Services/EstockMantra/src/utils/vault.ts:11] Vault client created {"endpoint":"http://localhost:8200"}
2026-06-25 15:53:57 info [/home/chan/Works/Ts/Services/EstockMantra/src/utils/vault.ts:18] Secrets loaded {"keys":["APP_URL","DATABASE_URL","EMAIL_FROM_ADDRESS","EMAIL_FROM_NAME","FRONTEND_URL","JWT_SECRET","SENDGRID_API_KEY"]}
2026-06-25 15:53:57 info [/home/chan/Works/Ts/Services/EstockMantra/src/config/env.ts:34] Environment variables loaded {"port":"3001","env":"development"}
2026-06-25 15:54:22 info [/home/chan/Works/Ts/Services/EstockMantra/src/utils/vault.ts:11] Vault client created {"endpoint":"http://localhost:8200"}
2026-06-25 15:54:22 info [/home/chan/Works/Ts/Services/EstockMantra/src/utils/vault.ts:18] Secrets loaded {"keys":["APP_URL","DATABASE_URL","EMAIL_FROM_ADDRESS","EMAIL_FROM_NAME","FRONTEND_URL","JWT_SECRET","SENDGRID_API_KEY"]}
2026-06-25 15:54:26 info [/home/chan/Works/Ts/Services/EstockMantra/src/utils/vault.ts:11] Vault client created {"endpoint":"http://localhost:8200"}
2026-06-25 15:54:26 info [/home/chan/Works/Ts/Services/EstockMantra/src/utils/vault.ts:18] Secrets loaded {"keys":["APP_URL","DATABASE_URL","EMAIL_FROM_ADDRESS","EMAIL_FROM_NAME","FRONTEND_URL","JWT_SECRET","SENDGRID_API_KEY"]}
2026-06-25 15:54:26 info [/home/chan/Works/Ts/Services/EstockMantra/src/config/env.ts:34] Environment variables loaded {"port":"3001","env":"development"}
2026-06-25 15:55:27 info [/home/chan/Works/Ts/Services/EstockMantra/src/utils/vault.ts:11] Vault client created {"endpoint":"http://localhost:8200"}
2026-06-25 15:55:27 info [/home/chan/Works/Ts/Services/EstockMantra/src/utils/vault.ts:18] Secrets loaded {"keys":["APP_URL","DATABASE_URL","EMAIL_FROM_ADDRESS","EMAIL_FROM_NAME","FRONTEND_URL","JWT_SECRET","SENDGRID_API_KEY"]}
2026-06-25 15:55:27 info [/home/chan/Works/Ts/Services/EstockMantra/src/config/env.ts:34] Environment variables loaded {"port":"3001","env":"development"}
2026-06-25 15:56:28 info [/home/chan/Works/Ts/Services/EstockMantra/src/utils/vault.ts:11] Vault client created {"endpoint":"http://localhost:8200"}
2026-06-25 15:56:28 info [/home/chan/Works/Ts/Services/EstockMantra/src/utils/vault.ts:18] Secrets loaded {"keys":["APP_URL","DATABASE_URL","EMAIL_FROM_ADDRESS","EMAIL_FROM_NAME","FRONTEND_URL","JWT_SECRET","SENDGRID_API_KEY"]}
2026-06-25 15:56:28 info [/home/chan/Works/Ts/Services/EstockMantra/src/config/env.ts:34] Environment variables loaded {"port":"3001","env":"development"}
2026-06-25 16:01:10 info [/home/chan/Works/Ts/Services/EstockMantra/src/utils/vault.ts:11] Vault client created {"endpoint":"http://localhost:8200"}
2026-06-25 16:01:10 info [/home/chan/Works/Ts/Services/EstockMantra/src/app.ts:12] Express Configuration Completed
2026-06-25 16:01:10 info [/home/chan/Works/Ts/Services/EstockMantra/src/app.ts:37] Express Routes Initilized
2026-06-25 16:01:10 info [/home/chan/Works/Ts/Services/EstockMantra/src/utils/vault.ts:18] Secrets loaded {"keys":["APP_URL","DATABASE_URL","EMAIL_FROM_ADDRESS","EMAIL_FROM_NAME","FRONTEND_URL","JWT_SECRET","SENDGRID_API_KEY"]}
2026-06-25 16:01:10 info [/home/chan/Works/Ts/Services/EstockMantra/src/config/env.ts:34] Environment variables loaded {"port":"3001","env":"development"}
2026-06-25 16:01:10 info [/home/chan/Works/Ts/Services/EstockMantra/src/server.ts:6] Server running on port 3001 in development mode
2026-06-25 16:02:37 info [/home/chan/Works/Ts/Services/EstockMantra/src/utils/vault.ts:11] Vault client created {"endpoint":"http://localhost:8200"}
2026-06-25 16:02:37 info [/home/chan/Works/Ts/Services/EstockMantra/src/app.ts:12] Express Configuration Completed
2026-06-25 16:02:37 info [/home/chan/Works/Ts/Services/EstockMantra/src/app.ts:37] Express Routes Initilized
2026-06-25 16:02:37 info [/home/chan/Works/Ts/Services/EstockMantra/src/utils/vault.ts:18] Secrets loaded {"keys":["APP_URL","DATABASE_URL","EMAIL_FROM_ADDRESS","EMAIL_FROM_NAME","FRONTEND_URL","JWT_SECRET","SENDGRID_API_KEY"]}
2026-06-25 16:02:37 info [/home/chan/Works/Ts/Services/EstockMantra/src/config/env.ts:34] Environment variables loaded {"port":"3001","env":"development"}
2026-06-25 16:02:37 info [/home/chan/Works/Ts/Services/EstockMantra/src/server.ts:6] Server running on port 3001 in development mode
2026-06-25 16:06:45 info [/home/chan/Works/Ts/Services/EstockMantra/src/utils/vault.ts:11] Vault client created {"endpoint":"http://localhost:8200"}
2026-06-25 16:06:45 info [/home/chan/Works/Ts/Services/EstockMantra/src/utils/vault.ts:18] Secrets loaded {"keys":["APP_URL","DATABASE_URL","EMAIL_FROM_ADDRESS","EMAIL_FROM_NAME","FRONTEND_URL","JWT_SECRET","SENDGRID_API_KEY"]}
2026-06-25 16:06:45 info [/home/chan/Works/Ts/Services/EstockMantra/src/config/env.ts:34] Environment variables loaded {"port":"3001","env":"development"}
