2026-06-24 12:38:48 info [/home/chan/Works/Backend/RefernceServices/Server/src/utils/vault.ts:11] Vault client created {"endpoint":"http://localhost:8200"}
2026-06-24 12:38:48 info [/home/chan/Works/Backend/RefernceServices/Server/src/utils/vault.ts:18] Secrets loaded {"keys":["APP_URL","DATABASE_URL","EMAIL_FROM_ADDRESS","EMAIL_FROM_NAME","FRONTEND_URL","JWT_SECRET","SENDGRID_API_KEY"]}
2026-06-24 12:38:48 info [/home/chan/Works/Backend/RefernceServices/Server/src/config/env.ts:34] Environment variables loaded {"port":"3001","env":"development"}
2026-06-24 12:38:48 info [/home/chan/Works/Backend/RefernceServices/Server/src/server.ts:4] Server config {"port":"3001","nodeEnv":"development","corsOrigin":"*","appUrl":"https://api.yourdomain.com","emailFromAddress":"inventory.emicrolabs@gmail.com","emailFromName":"E-Stock Mantra","sendGridApiKey":"***","jwtSecret":"***"}
2026-06-24 12:42:03 info [/home/chan/Works/Backend/RefernceServices/Server/src/utils/vault.ts:11] Vault client created {"endpoint":"http://localhost:8200"}
2026-06-24 12:42:03 info [/home/chan/Works/Backend/RefernceServices/Server/src/utils/vault.ts:18] Secrets loaded {"keys":["APP_URL","DATABASE_URL","EMAIL_FROM_ADDRESS","EMAIL_FROM_NAME","FRONTEND_URL","JWT_SECRET","SENDGRID_API_KEY"]}
2026-06-24 12:42:03 info [/home/chan/Works/Backend/RefernceServices/Server/src/config/env.ts:34] Environment variables loaded {"port":"3001","env":"development"}
2026-06-24 12:42:03 info [/home/chan/Works/Backend/RefernceServices/Server/src/server.ts:4] Server config {"port":"3001","nodeEnv":"development","corsOrigin":"*","appUrl":"https://api.yourdomain.com","emailFromAddress":"inventory.emicrolabs@gmail.com","emailFromName":"E-Stock Mantra","sendGridApiKey":"***","jwtSecret":"***"}
2026-06-24 12:43:49 info [/home/chan/Works/Backend/RefernceServices/Server/src/utils/vault.ts:11] Vault client created {"endpoint":"http://localhost:8200"}
2026-06-24 12:43:49 info [/home/chan/Works/Backend/RefernceServices/Server/src/utils/vault.ts:18] Secrets loaded {"keys":["APP_URL","DATABASE_URL","EMAIL_FROM_ADDRESS","EMAIL_FROM_NAME","FRONTEND_URL","JWT_SECRET","SENDGRID_API_KEY"]}
2026-06-24 12:43:49 info [/home/chan/Works/Backend/RefernceServices/Server/src/config/env.ts:34] Environment variables loaded {"port":"3001","env":"development"}
2026-06-24 12:43:49 info [/home/chan/Works/Backend/RefernceServices/Server/src/server.ts:4] Server config {"port":"3001","nodeEnv":"development","corsOrigin":"*","appUrl":"https://api.yourdomain.com","emailFromAddress":"inventory.emicrolabs@gmail.com","emailFromName":"E-Stock Mantra","sendGridApiKey":"***","jwtSecret":"***"}
2026-06-24 12:49:05 info [/home/chan/Works/Backend/RefernceServices/Server/src/utils/vault.ts:11] Vault client created {"endpoint":"http://localhost:8200"}
2026-06-24 12:49:05 info [/home/chan/Works/Backend/RefernceServices/Server/src/utils/vault.ts:18] Secrets loaded {"keys":["APP_URL","DATABASE_URL","EMAIL_FROM_ADDRESS","EMAIL_FROM_NAME","FRONTEND_URL","JWT_SECRET","SENDGRID_API_KEY"]}
2026-06-24 12:50:15 info [/home/chan/Works/Backend/RefernceServices/Server/src/utils/vault.ts:11] Vault client created {"endpoint":"http://localhost:8200"}
2026-06-24 12:50:15 info [/home/chan/Works/Backend/RefernceServices/Server/src/utils/vault.ts:18] Secrets loaded {"keys":["APP_URL","DATABASE_URL","EMAIL_FROM_ADDRESS","EMAIL_FROM_NAME","FRONTEND_URL","JWT_SECRET","SENDGRID_API_KEY"]}
2026-06-24 12:50:15 info [/home/chan/Works/Backend/RefernceServices/Server/src/config/env.ts:34] Environment variables loaded {"port":"3001","env":"development"}
2026-06-24 12:50:15 info [/home/chan/Works/Backend/RefernceServices/Server/src/server.ts:4] Server config {"port":"3001","nodeEnv":"development","corsOrigin":"*","appUrl":"https://api.yourdomain.com","emailFromAddress":"inventory.emicrolabs@gmail.com","emailFromName":"E-Stock Mantra","sendGridApiKey":"***","jwtSecret":"***"}
2026-06-24 16:05:33 info [/home/chan/Works/Backend/RefernceServices/Server/src/utils/vault.ts:11] Vault client created {"endpoint":"http://localhost:8200"}
2026-06-24 16:05:33 error [/home/chan/Works/Backend/RefernceServices/Server/src/utils/vault.ts:21] Failed to load secrets from vault {"err":{"message":"ECONNREFUSED","name":"Error","stack":"Error: ECONNREFUSED\n    at from (/home/chan/Works/Backend/RefernceServices/Server/node_modules/axios/dist/node/axios.cjs:1355:28)\n    at handleRequestError (/home/chan/Works/Backend/RefernceServices/Server/node_modules/axios/dist/node/axios.cjs:4082:25)\n    at emitError (node:events:43:23)\n    at <anonymous> (/home/chan/Works/Backend/RefernceServices/Server/node_modules/follow-redirects/index.js:56:24)\n    at emitError (node:events:43:23)\n    at <anonymous> (node:_http_client:251:22)\n    at processTicksAndRejections (native:7:39)","config":{"transitional":{"silentJSONParsing":true,"forcedJSONParsing":true,"clarifyTimeoutError":false,"legacyInterceptorReqResOrdering":true,"advertiseZstdAcceptEncoding":false,"validateStatusUndefinedResolves":true},"adapter":["xhr","http","fetch"],"transformRequest":[null],"transformResponse":[null],"timeout":0,"xsrfCookieName":"XSRF-TOKEN","xsrfHeaderName":"X-XSRF-TOKEN","maxContentLength":-1,"maxBodyLength":-1,"env":{},"headers":{"Accept":"application/json, text/plain, */*","X-Vault-Token":"dev-token","User-Agent":"axios/1.18.1","Accept-Encoding":"gzip, compress, deflate, br"},"method":"get","url":"http://localhost:8200/v1/app-secret/data/config","allowAbsoluteUrls":true},"code":"ECONNREFUSED"}}
